<?xml version="1.0" encoding="UTF-8"?>
<!-- Generated by org.testng.reporters.JUnitReportReporter -->
<testsuite hostname="IBM-JGL8QM3" failures="0" tests="1" name="demo1.PostTest" time="5.219" errors="0" timestamp="2025-08-08T15:44:22 IST" skipped="0">
  <testcase classname="demo1.PostTest" name="postTest1" time="5.219"/>
</testsuite> <!-- demo1.PostTest -->
