<?xml version="1.0" encoding="UTF-8"?>
<!-- Generated by org.testng.reporters.JUnitReportReporter -->
<testsuite hostname="IBM-JGL8QM3" failures="0" tests="1" name="demo1.GraphQLExample" time="2.865" errors="0" timestamp="2025-08-08T10:17:41 IST" skipped="0">
  <testcase classname="demo1.GraphQLExample" name="testQuery" time="2.865"/>
</testsuite> <!-- demo1.GraphQLExample -->
