<?xml version="1.0" encoding="UTF-8"?>
<!-- Generated by org.testng.reporters.JUnitReportReporter -->
<testsuite hostname="IBM-JGL8QM3" failures="0" tests="2" name="demo1.GetTest" time="3.196" errors="0" timestamp="2025-08-07T10:46:29 IST" skipped="0">
  <testcase classname="demo1.GetTest" name="test2" time="1.162"/>
  <testcase classname="demo1.GetTest" name="test1" time="2.034"/>
</testsuite> <!-- demo1.GetTest -->
